2018-12-24 01:01:06 INFO  JLogger:58 - ReadClass
2018-12-24 01:01:06 INFO  JLogger:28 - Creat Clown
2018-12-24 01:01:06 INFO  JLogger:13 - creat ball FlyWeightFactory
2018-12-24 01:01:06 INFO  JLogger:13 - creat ball FlyWeightFactory
2018-12-24 01:01:06 INFO  JLogger:13 - creat ball FlyWeightFactory
2018-12-24 01:01:06 INFO  JLogger:13 - creat ball FlyWeightFactory
2018-12-24 01:01:06 INFO  JLogger:13 - creat ball FlyWeightFactory
2018-12-24 01:01:06 INFO  JLogger:13 - creat ball FlyWeightFactory
2018-12-24 01:01:06 INFO  JLogger:13 - creat ball FlyWeightFactory
2018-12-24 01:01:06 INFO  JLogger:13 - creat ball FlyWeightFactory
2018-12-24 01:01:06 INFO  JLogger:13 - creat ball FlyWeightFactory
2018-12-24 01:01:06 INFO  JLogger:13 - creat ball FlyWeightFactory
2018-12-24 01:01:06 INFO  JLogger:16 - Creat CommadManger
2018-12-24 01:01:10 INFO  JLogger:160 - reuse the ball
2018-12-24 01:01:10 INFO  JLogger:160 - reuse the ball
2018-12-24 01:01:10 INFO  JLogger:247 - intersection
2018-12-24 01:01:10 INFO  JLogger:19 - Creat AddLeftCommand
2018-12-24 01:01:10 INFO  JLogger:13 - creat ball FlyWeightFactory
2018-12-24 01:01:11 INFO  JLogger:160 - reuse the ball
2018-12-24 01:01:11 INFO  JLogger:160 - reuse the ball
2018-12-24 01:01:12 INFO  JLogger:160 - reuse the ball
2018-12-24 01:01:12 INFO  JLogger:160 - reuse the ball
2018-12-24 01:01:12 INFO  JLogger:160 - reuse the ball
2018-12-24 01:01:12 INFO  JLogger:160 - reuse the ball
2018-12-24 01:01:13 INFO  JLogger:160 - reuse the ball
2018-12-24 01:01:13 INFO  JLogger:221 - intersection
2018-12-24 01:01:13 INFO  JLogger:19 - Creat AddRightCommand
2018-12-24 01:01:13 INFO  JLogger:13 - creat ball FlyWeightFactory
2018-12-24 01:01:13 INFO  JLogger:235 - reuse
2018-12-24 01:01:14 INFO  JLogger:160 - reuse the ball
2018-12-24 01:01:15 INFO  JLogger:221 - intersection
2018-12-24 01:01:15 INFO  JLogger:19 - Creat AddRightCommand
2018-12-24 01:01:15 INFO  JLogger:13 - creat ball FlyWeightFactory
2018-12-24 01:01:15 INFO  JLogger:235 - reuse
2018-12-24 01:01:15 INFO  JLogger:160 - reuse the ball
2018-12-24 01:01:16 INFO  JLogger:160 - reuse the ball
2018-12-24 01:01:16 INFO  JLogger:160 - reuse the ball
2018-12-24 01:01:17 INFO  JLogger:221 - intersection
2018-12-24 01:01:17 INFO  JLogger:19 - Creat AddRightCommand
2018-12-24 01:01:17 INFO  JLogger:13 - creat ball FlyWeightFactory
2018-12-24 01:01:17 INFO  JLogger:235 - reuse
2018-12-24 01:01:17 INFO  JLogger:160 - reuse the ball
2018-12-24 01:01:18 INFO  JLogger:247 - intersection
2018-12-24 01:01:18 INFO  JLogger:19 - Creat AddLeftCommand
2018-12-24 01:01:18 INFO  JLogger:13 - creat ball FlyWeightFactory
2018-12-24 01:01:18 INFO  JLogger:184 - check point
2018-12-24 01:01:18 INFO  JLogger:160 - reuse the ball
2018-12-24 01:01:18 INFO  JLogger:160 - reuse the ball
2018-12-24 01:01:19 INFO  JLogger:160 - reuse the ball
2018-12-24 01:01:20 INFO  JLogger:221 - intersection
2018-12-24 01:01:20 INFO  JLogger:19 - Creat AddRightCommand
2018-12-24 01:01:20 INFO  JLogger:13 - creat ball FlyWeightFactory
2018-12-24 01:01:20 INFO  JLogger:235 - reuse
2018-12-24 01:01:20 INFO  JLogger:184 - check point
2018-12-24 01:01:20 INFO  JLogger:160 - reuse the ball
2018-12-24 01:01:20 INFO  JLogger:247 - intersection
2018-12-24 01:01:20 INFO  JLogger:19 - Creat AddLeftCommand
2018-12-24 01:01:20 INFO  JLogger:13 - creat ball FlyWeightFactory
2018-12-24 01:01:20 INFO  JLogger:184 - check point
2018-12-24 01:01:20 INFO  JLogger:160 - reuse the ball
2018-12-24 01:01:22 INFO  JLogger:247 - intersection
2018-12-24 01:01:22 INFO  JLogger:19 - Creat AddLeftCommand
2018-12-24 01:01:22 INFO  JLogger:13 - creat ball FlyWeightFactory
2018-12-24 01:01:22 INFO  JLogger:184 - check point
2018-12-24 01:01:22 INFO  JLogger:160 - reuse the ball
2018-12-24 01:01:22 INFO  JLogger:160 - reuse the ball
2018-12-24 01:01:22 INFO  JLogger:160 - reuse the ball
2018-12-24 01:01:23 INFO  JLogger:160 - reuse the ball
2018-12-24 01:01:24 INFO  JLogger:221 - intersection
2018-12-24 01:01:24 INFO  JLogger:19 - Creat AddRightCommand
2018-12-24 01:01:24 INFO  JLogger:13 - creat ball FlyWeightFactory
2018-12-24 01:01:24 INFO  JLogger:235 - reuse
2018-12-24 01:01:24 INFO  JLogger:184 - check point
2018-12-24 01:01:24 INFO  JLogger:160 - reuse the ball
2018-12-24 01:01:24 INFO  JLogger:221 - intersection
2018-12-24 01:01:24 INFO  JLogger:19 - Creat AddRightCommand
2018-12-24 01:01:24 INFO  JLogger:13 - creat ball FlyWeightFactory
2018-12-24 01:01:24 INFO  JLogger:235 - reuse
2018-12-24 01:01:25 INFO  JLogger:160 - reuse the ball
2018-12-24 01:01:25 INFO  JLogger:160 - reuse the ball
2018-12-24 01:01:25 INFO  JLogger:221 - intersection
2018-12-24 01:01:25 INFO  JLogger:19 - Creat AddRightCommand
2018-12-24 01:01:25 INFO  JLogger:13 - creat ball FlyWeightFactory
2018-12-24 01:01:25 INFO  JLogger:235 - reuse
2018-12-24 01:01:25 INFO  JLogger:184 - check point
2018-12-24 01:02:20 INFO  JLogger:58 - ReadClass
2018-12-24 01:02:20 INFO  JLogger:28 - Creat Clown
2018-12-24 01:02:20 INFO  JLogger:13 - creat ball FlyWeightFactory
2018-12-24 01:02:20 INFO  JLogger:13 - creat ball FlyWeightFactory
2018-12-24 01:02:20 INFO  JLogger:13 - creat ball FlyWeightFactory
2018-12-24 01:02:20 INFO  JLogger:13 - creat ball FlyWeightFactory
2018-12-24 01:02:20 INFO  JLogger:13 - creat ball FlyWeightFactory
2018-12-24 01:02:20 INFO  JLogger:13 - creat ball FlyWeightFactory
2018-12-24 01:02:20 INFO  JLogger:13 - creat ball FlyWeightFactory
2018-12-24 01:02:20 INFO  JLogger:13 - creat ball FlyWeightFactory
2018-12-24 01:02:20 INFO  JLogger:13 - creat ball FlyWeightFactory
2018-12-24 01:02:20 INFO  JLogger:13 - creat ball FlyWeightFactory
2018-12-24 01:02:20 INFO  JLogger:16 - Creat CommadManger
2018-12-24 01:02:22 INFO  JLogger:247 - intersection
2018-12-24 01:02:22 INFO  JLogger:19 - Creat AddLeftCommand
2018-12-24 01:02:22 INFO  JLogger:13 - creat ball FlyWeightFactory
2018-12-24 01:02:25 INFO  JLogger:160 - reuse the ball
2018-12-24 01:02:25 INFO  JLogger:160 - reuse the ball
2018-12-24 01:02:25 INFO  JLogger:160 - reuse the ball
2018-12-24 01:02:25 INFO  JLogger:160 - reuse the ball
2018-12-24 01:02:25 INFO  JLogger:160 - reuse the ball
2018-12-24 01:02:25 INFO  JLogger:160 - reuse the ball
2018-12-24 01:02:26 INFO  JLogger:160 - reuse the ball
2018-12-24 01:02:26 INFO  JLogger:160 - reuse the ball
2018-12-24 01:02:27 INFO  JLogger:160 - reuse the ball
2018-12-24 01:02:27 INFO  JLogger:160 - reuse the ball
2018-12-24 01:02:28 INFO  JLogger:221 - intersection
2018-12-24 01:02:28 INFO  JLogger:19 - Creat AddRightCommand
2018-12-24 01:02:28 INFO  JLogger:13 - creat ball FlyWeightFactory
2018-12-24 01:02:28 INFO  JLogger:235 - reuse
2018-12-24 01:02:30 INFO  JLogger:247 - intersection
2018-12-24 01:02:30 INFO  JLogger:19 - Creat AddLeftCommand
2018-12-24 01:02:30 INFO  JLogger:13 - creat ball FlyWeightFactory
2018-12-24 01:02:31 INFO  JLogger:160 - reuse the ball
2018-12-24 01:02:31 INFO  JLogger:160 - reuse the ball
2018-12-24 01:02:31 INFO  JLogger:160 - reuse the ball
2018-12-24 01:02:31 INFO  JLogger:160 - reuse the ball
2018-12-24 01:02:32 INFO  JLogger:160 - reuse the ball
2018-12-24 01:02:32 INFO  JLogger:160 - reuse the ball
2018-12-24 01:02:32 INFO  JLogger:160 - reuse the ball
2018-12-24 01:02:33 INFO  JLogger:160 - reuse the ball
2018-12-24 01:02:34 INFO  JLogger:160 - reuse the ball
2018-12-24 01:02:35 INFO  JLogger:160 - reuse the ball
2018-12-24 01:02:35 INFO  JLogger:160 - reuse the ball
2018-12-24 01:02:36 INFO  JLogger:160 - reuse the ball
2018-12-24 01:02:36 INFO  JLogger:160 - reuse the ball
2018-12-24 01:02:37 INFO  JLogger:160 - reuse the ball
2018-12-24 01:02:37 INFO  JLogger:247 - intersection
2018-12-24 01:02:37 INFO  JLogger:19 - Creat AddLeftCommand
2018-12-24 01:02:37 INFO  JLogger:13 - creat ball FlyWeightFactory
2018-12-24 01:02:37 INFO  JLogger:160 - reuse the ball
2018-12-24 01:02:37 INFO  JLogger:160 - reuse the ball
2018-12-24 01:02:38 INFO  JLogger:221 - intersection
2018-12-24 01:02:38 INFO  JLogger:19 - Creat AddRightCommand
2018-12-24 01:02:38 INFO  JLogger:13 - creat ball FlyWeightFactory
2018-12-24 01:02:38 INFO  JLogger:235 - reuse
2018-12-24 01:02:38 INFO  JLogger:160 - reuse the ball
2018-12-24 01:02:39 INFO  JLogger:160 - reuse the ball
2018-12-24 01:02:41 INFO  JLogger:160 - reuse the ball
2018-12-24 01:02:41 INFO  JLogger:221 - intersection
2018-12-24 01:02:41 INFO  JLogger:19 - Creat AddRightCommand
2018-12-24 01:02:41 INFO  JLogger:13 - creat ball FlyWeightFactory
2018-12-24 01:02:41 INFO  JLogger:235 - reuse
2018-12-24 01:02:41 INFO  JLogger:160 - reuse the ball
2018-12-24 01:02:41 INFO  JLogger:160 - reuse the ball
2018-12-24 01:02:42 INFO  JLogger:160 - reuse the ball
2018-12-24 01:02:42 INFO  JLogger:160 - reuse the ball
2018-12-24 01:02:43 INFO  JLogger:160 - reuse the ball
2018-12-24 01:02:43 INFO  JLogger:160 - reuse the ball
2018-12-24 01:02:44 INFO  JLogger:160 - reuse the ball
